*** Starting uWSGI 2.0.17 (64bit) on [Sun Jun  7 00:52:20 2020] ***
compiled with version: 8.3.0 on 05 June 2020 01:46:47
os: Linux-4.19.76-linuxkit #1 SMP Thu Oct 17 19:31:58 UTC 2019
nodename: a7f215493bc4
machine: x86_64
clock source: unix
pcre jit disabled
detected number of CPU cores: 8
current working directory: /var/www/src
detected binary path: /usr/local/bin/uwsgi
uWSGI running as root, you can use --uid/--gid/--chroot options
*** WARNING: you are running uWSGI as root !!! (use the --uid flag) *** 
*** WARNING: you are running uWSGI without its master process manager ***
your memory page size is 4096 bytes
detected max file descriptor number: 1048576
lock engine: pthread robust mutexes
thunder lock: disabled (you can enable it with --thunder-lock)
uwsgi socket 0 bound to TCP address :3031 fd 3
uWSGI running as root, you can use --uid/--gid/--chroot options
*** WARNING: you are running uWSGI as root !!! (use the --uid flag) *** 
Python version: 3.8.0 (default, Nov 23 2019, 05:36:56)  [GCC 8.3.0]
*** Python threads support is disabled. You can enable it with --enable-threads ***
Python main interpreter initialized at 0x55928e6c91e0
uWSGI running as root, you can use --uid/--gid/--chroot options
*** WARNING: you are running uWSGI as root !!! (use the --uid flag) *** 
your server socket listen backlog is limited to 100 connections
your mercy for graceful operations on workers is 60 seconds
mapped 72920 bytes (71 KB) for 1 cores
*** Operational MODE: single process ***
WSGI app 0 (mountpoint='') ready in 25 seconds on interpreter 0x55928e6c91e0 pid: 1 (default app)
uWSGI running as root, you can use --uid/--gid/--chroot options
*** WARNING: you are running uWSGI as root !!! (use the --uid flag) *** 
*** uWSGI is running in multiple interpreter mode ***
spawned uWSGI worker 1 (and the only) (pid: 1, cores: 1)
Completed!!
Completed!!
Completed!!
Completed!!
Completed!!
Completed!!
Completed!!
Completed!!
Completed!!
Completed!!
Completed!!
Completed!!
Completed!!
Completed!!
Completed!!
Completed!!
corrupted double-linked list
!!! uWSGI process 1 got Segmentation Fault !!!
*** Starting uWSGI 2.0.17 (64bit) on [Sun Jun  7 01:00:26 2020] ***
compiled with version: 8.3.0 on 05 June 2020 01:46:47
os: Linux-4.19.76-linuxkit #1 SMP Thu Oct 17 19:31:58 UTC 2019
nodename: a7f215493bc4
machine: x86_64
clock source: unix
pcre jit disabled
detected number of CPU cores: 8
current working directory: /var/www/src
detected binary path: /usr/local/bin/uwsgi
uWSGI running as root, you can use --uid/--gid/--chroot options
*** WARNING: you are running uWSGI as root !!! (use the --uid flag) *** 
*** WARNING: you are running uWSGI without its master process manager ***
your memory page size is 4096 bytes
detected max file descriptor number: 1048576
lock engine: pthread robust mutexes
thunder lock: disabled (you can enable it with --thunder-lock)
uwsgi socket 0 bound to TCP address :3031 fd 3
uWSGI running as root, you can use --uid/--gid/--chroot options
*** WARNING: you are running uWSGI as root !!! (use the --uid flag) *** 
Python version: 3.8.0 (default, Nov 23 2019, 05:36:56)  [GCC 8.3.0]
*** Python threads support is disabled. You can enable it with --enable-threads ***
Python main interpreter initialized at 0x561e620731e0
uWSGI running as root, you can use --uid/--gid/--chroot options
*** WARNING: you are running uWSGI as root !!! (use the --uid flag) *** 
your server socket listen backlog is limited to 100 connections
your mercy for graceful operations on workers is 60 seconds
mapped 72920 bytes (71 KB) for 1 cores
*** Operational MODE: single process ***
WSGI app 0 (mountpoint='') ready in 17 seconds on interpreter 0x561e620731e0 pid: 1 (default app)
uWSGI running as root, you can use --uid/--gid/--chroot options
*** WARNING: you are running uWSGI as root !!! (use the --uid flag) *** 
*** uWSGI is running in multiple interpreter mode ***
spawned uWSGI worker 1 (and the only) (pid: 1, cores: 1)
Completed!!
corrupted double-linked list
!!! uWSGI process 1 got Segmentation Fault !!!
*** Starting uWSGI 2.0.17 (64bit) on [Sun Jun  7 01:02:44 2020] ***
compiled with version: 8.3.0 on 05 June 2020 01:46:47
os: Linux-4.19.76-linuxkit #1 SMP Thu Oct 17 19:31:58 UTC 2019
nodename: a7f215493bc4
machine: x86_64
clock source: unix
pcre jit disabled
detected number of CPU cores: 8
current working directory: /var/www/src
detected binary path: /usr/local/bin/uwsgi
uWSGI running as root, you can use --uid/--gid/--chroot options
*** WARNING: you are running uWSGI as root !!! (use the --uid flag) *** 
*** WARNING: you are running uWSGI without its master process manager ***
your memory page size is 4096 bytes
detected max file descriptor number: 1048576
lock engine: pthread robust mutexes
thunder lock: disabled (you can enable it with --thunder-lock)
uwsgi socket 0 bound to TCP address :3031 fd 3
uWSGI running as root, you can use --uid/--gid/--chroot options
*** WARNING: you are running uWSGI as root !!! (use the --uid flag) *** 
Python version: 3.8.0 (default, Nov 23 2019, 05:36:56)  [GCC 8.3.0]
*** Python threads support is disabled. You can enable it with --enable-threads ***
Python main interpreter initialized at 0x55b45ba751e0
uWSGI running as root, you can use --uid/--gid/--chroot options
*** WARNING: you are running uWSGI as root !!! (use the --uid flag) *** 
your server socket listen backlog is limited to 100 connections
your mercy for graceful operations on workers is 60 seconds
mapped 72920 bytes (71 KB) for 1 cores
*** Operational MODE: single process ***
WSGI app 0 (mountpoint='') ready in 14 seconds on interpreter 0x55b45ba751e0 pid: 1 (default app)
uWSGI running as root, you can use --uid/--gid/--chroot options
*** WARNING: you are running uWSGI as root !!! (use the --uid flag) *** 
*** uWSGI is running in multiple interpreter mode ***
spawned uWSGI worker 1 (and the only) (pid: 1, cores: 1)
Completed!!
Completed!!
!!! uWSGI process 1 got Segmentation Fault !!!
*** backtrace of 1 ***
uwsgi(uwsgi_backtrace+0x2a) [0x55b45a847a9a]
uwsgi(uwsgi_segfault+0x23) [0x55b45a847e53]
/lib/x86_64-linux-gnu/libc.so.6(+0x37840) [0x7f40e5cb0840]
[0x55b45ba76040]
*** end of backtrace ***
*** Starting uWSGI 2.0.17 (64bit) on [Sun Jun  7 01:15:38 2020] ***
compiled with version: 8.3.0 on 05 June 2020 01:46:47
os: Linux-4.19.76-linuxkit #1 SMP Thu Oct 17 19:31:58 UTC 2019
nodename: a7f215493bc4
machine: x86_64
clock source: unix
pcre jit disabled
detected number of CPU cores: 8
current working directory: /var/www/src
detected binary path: /usr/local/bin/uwsgi
uWSGI running as root, you can use --uid/--gid/--chroot options
*** WARNING: you are running uWSGI as root !!! (use the --uid flag) *** 
*** WARNING: you are running uWSGI without its master process manager ***
your memory page size is 4096 bytes
detected max file descriptor number: 1048576
lock engine: pthread robust mutexes
thunder lock: disabled (you can enable it with --thunder-lock)
uwsgi socket 0 bound to TCP address :3031 fd 3
uWSGI running as root, you can use --uid/--gid/--chroot options
*** WARNING: you are running uWSGI as root !!! (use the --uid flag) *** 
Python version: 3.8.0 (default, Nov 23 2019, 05:36:56)  [GCC 8.3.0]
*** Python threads support is disabled. You can enable it with --enable-threads ***
Python main interpreter initialized at 0x55f821f461e0
uWSGI running as root, you can use --uid/--gid/--chroot options
*** WARNING: you are running uWSGI as root !!! (use the --uid flag) *** 
your server socket listen backlog is limited to 100 connections
your mercy for graceful operations on workers is 60 seconds
mapped 72920 bytes (71 KB) for 1 cores
*** Operational MODE: single process ***
WSGI app 0 (mountpoint='') ready in 16 seconds on interpreter 0x55f821f461e0 pid: 1 (default app)
uWSGI running as root, you can use --uid/--gid/--chroot options
*** WARNING: you are running uWSGI as root !!! (use the --uid flag) *** 
*** uWSGI is running in multiple interpreter mode ***
spawned uWSGI worker 1 (and the only) (pid: 1, cores: 1)
blonde_hair blue_eyes
Completed!!
Completed!!
blonde_hair green_eyes
Completed!!
None blue_eyes
Completed!!
blonde_hair red_eyes
Completed!!
Completed!!
corrupted double-linked list
!!! uWSGI process 1 got Segmentation Fault !!!
*** Starting uWSGI 2.0.17 (64bit) on [Sun Jun  7 01:18:51 2020] ***
compiled with version: 8.3.0 on 05 June 2020 01:46:47
os: Linux-4.19.76-linuxkit #1 SMP Thu Oct 17 19:31:58 UTC 2019
nodename: a7f215493bc4
machine: x86_64
clock source: unix
pcre jit disabled
detected number of CPU cores: 8
current working directory: /var/www/src
detected binary path: /usr/local/bin/uwsgi
uWSGI running as root, you can use --uid/--gid/--chroot options
*** WARNING: you are running uWSGI as root !!! (use the --uid flag) *** 
*** WARNING: you are running uWSGI without its master process manager ***
your memory page size is 4096 bytes
detected max file descriptor number: 1048576
lock engine: pthread robust mutexes
thunder lock: disabled (you can enable it with --thunder-lock)
uwsgi socket 0 bound to TCP address :3031 fd 3
uWSGI running as root, you can use --uid/--gid/--chroot options
*** WARNING: you are running uWSGI as root !!! (use the --uid flag) *** 
Python version: 3.8.0 (default, Nov 23 2019, 05:36:56)  [GCC 8.3.0]
*** Python threads support is disabled. You can enable it with --enable-threads ***
Python main interpreter initialized at 0x55bff3de31e0
uWSGI running as root, you can use --uid/--gid/--chroot options
*** WARNING: you are running uWSGI as root !!! (use the --uid flag) *** 
your server socket listen backlog is limited to 100 connections
your mercy for graceful operations on workers is 60 seconds
mapped 72920 bytes (71 KB) for 1 cores
*** Operational MODE: single process ***
WSGI app 0 (mountpoint='') ready in 14 seconds on interpreter 0x55bff3de31e0 pid: 1 (default app)
uWSGI running as root, you can use --uid/--gid/--chroot options
*** WARNING: you are running uWSGI as root !!! (use the --uid flag) *** 
*** uWSGI is running in multiple interpreter mode ***
spawned uWSGI worker 1 (and the only) (pid: 1, cores: 1)
black_hair None
Completed!!
blonde_hair blue_eyes
Completed!!
black_hair red_eyes
Completed!!
blonde_hair blue_eyes
Completed!!
blonde_hair green_eyes
Completed!!
corrupted double-linked list
!!! uWSGI process 1 got Segmentation Fault !!!
*** Starting uWSGI 2.0.17 (64bit) on [Sun Jun  7 01:22:14 2020] ***
compiled with version: 8.3.0 on 05 June 2020 01:46:47
os: Linux-4.19.76-linuxkit #1 SMP Thu Oct 17 19:31:58 UTC 2019
nodename: a7f215493bc4
machine: x86_64
clock source: unix
pcre jit disabled
detected number of CPU cores: 8
current working directory: /var/www/src
detected binary path: /usr/local/bin/uwsgi
uWSGI running as root, you can use --uid/--gid/--chroot options
*** WARNING: you are running uWSGI as root !!! (use the --uid flag) *** 
*** WARNING: you are running uWSGI without its master process manager ***
your memory page size is 4096 bytes
detected max file descriptor number: 1048576
lock engine: pthread robust mutexes
thunder lock: disabled (you can enable it with --thunder-lock)
uwsgi socket 0 bound to TCP address :3031 fd 3
uWSGI running as root, you can use --uid/--gid/--chroot options
*** WARNING: you are running uWSGI as root !!! (use the --uid flag) *** 
Python version: 3.8.0 (default, Nov 23 2019, 05:36:56)  [GCC 8.3.0]
*** Python threads support is disabled. You can enable it with --enable-threads ***
Python main interpreter initialized at 0x55590b5831e0
uWSGI running as root, you can use --uid/--gid/--chroot options
*** WARNING: you are running uWSGI as root !!! (use the --uid flag) *** 
your server socket listen backlog is limited to 100 connections
your mercy for graceful operations on workers is 60 seconds
mapped 72920 bytes (71 KB) for 1 cores
*** Operational MODE: single process ***
WSGI app 0 (mountpoint='') ready in 14 seconds on interpreter 0x55590b5831e0 pid: 1 (default app)
uWSGI running as root, you can use --uid/--gid/--chroot options
*** WARNING: you are running uWSGI as root !!! (use the --uid flag) *** 
*** uWSGI is running in multiple interpreter mode ***
spawned uWSGI worker 1 (and the only) (pid: 1, cores: 1)
corrupted double-linked list
!!! uWSGI process 1 got Segmentation Fault !!!
*** Starting uWSGI 2.0.17 (64bit) on [Sun Jun  7 01:23:10 2020] ***
compiled with version: 8.3.0 on 05 June 2020 01:46:47
os: Linux-4.19.76-linuxkit #1 SMP Thu Oct 17 19:31:58 UTC 2019
nodename: a7f215493bc4
machine: x86_64
clock source: unix
pcre jit disabled
detected number of CPU cores: 8
current working directory: /var/www/src
detected binary path: /usr/local/bin/uwsgi
uWSGI running as root, you can use --uid/--gid/--chroot options
*** WARNING: you are running uWSGI as root !!! (use the --uid flag) *** 
*** WARNING: you are running uWSGI without its master process manager ***
your memory page size is 4096 bytes
detected max file descriptor number: 1048576
lock engine: pthread robust mutexes
thunder lock: disabled (you can enable it with --thunder-lock)
uwsgi socket 0 bound to TCP address :3031 fd 3
uWSGI running as root, you can use --uid/--gid/--chroot options
*** WARNING: you are running uWSGI as root !!! (use the --uid flag) *** 
Python version: 3.8.0 (default, Nov 23 2019, 05:36:56)  [GCC 8.3.0]
*** Python threads support is disabled. You can enable it with --enable-threads ***
Python main interpreter initialized at 0x5578667ff1e0
uWSGI running as root, you can use --uid/--gid/--chroot options
*** WARNING: you are running uWSGI as root !!! (use the --uid flag) *** 
your server socket listen backlog is limited to 100 connections
your mercy for graceful operations on workers is 60 seconds
mapped 72920 bytes (71 KB) for 1 cores
*** Operational MODE: single process ***
WSGI app 0 (mountpoint='') ready in 13 seconds on interpreter 0x5578667ff1e0 pid: 1 (default app)
uWSGI running as root, you can use --uid/--gid/--chroot options
*** WARNING: you are running uWSGI as root !!! (use the --uid flag) *** 
*** uWSGI is running in multiple interpreter mode ***
spawned uWSGI worker 1 (and the only) (pid: 1, cores: 1)
Completed!!
[2020-06-07 01:23:54,855] ERROR in app: Exception on /illust_condition [POST]
Traceback (most recent call last):
  File "/usr/local/lib/python3.8/site-packages/flask/app.py", line 2311, in wsgi_app
    response = self.full_dispatch_request()
  File "/usr/local/lib/python3.8/site-packages/flask/app.py", line 1834, in full_dispatch_request
    rv = self.handle_user_exception(e)
  File "/usr/local/lib/python3.8/site-packages/flask/app.py", line 1737, in handle_user_exception
    reraise(exc_type, exc_value, tb)
  File "/usr/local/lib/python3.8/site-packages/flask/_compat.py", line 36, in reraise
    raise value
  File "/usr/local/lib/python3.8/site-packages/flask/app.py", line 1832, in full_dispatch_request
    rv = self.dispatch_request()
  File "/usr/local/lib/python3.8/site-packages/flask/app.py", line 1818, in dispatch_request
    return self.view_functions[rule.endpoint](**req.view_args)
  File "./routes.py", line 36, in illust_condition
    feature = encoder.extract_feature(img.resize(64, 64))
  File "/usr/local/lib/python3.8/site-packages/PIL/Image.py", line 1864, in resize
    raise ValueError(
ValueError: Unknown resampling filter (64). Use Image.NEAREST (0), Image.LANCZOS (1), Image.BILINEAR (2), Image.BICUBIC (3), Image.BOX (4) or Image.HAMMING (5)
[pid: 1|app: 0|req: 1/1] 192.168.48.1 () {60 vars in 2885 bytes} [Sun Jun  7 01:23:53 2020] POST /illust_condition => generated 290 bytes in 1272 msecs (HTTP/1.1 500) 2 headers in 99 bytes (1 switches on core 0)
Completed!!
[2020-06-07 01:24:16,132] ERROR in app: Exception on /illust_condition [POST]
Traceback (most recent call last):
  File "/usr/local/lib/python3.8/site-packages/flask/app.py", line 2311, in wsgi_app
    response = self.full_dispatch_request()
  File "/usr/local/lib/python3.8/site-packages/flask/app.py", line 1834, in full_dispatch_request
    rv = self.handle_user_exception(e)
  File "/usr/local/lib/python3.8/site-packages/flask/app.py", line 1737, in handle_user_exception
    reraise(exc_type, exc_value, tb)
  File "/usr/local/lib/python3.8/site-packages/flask/_compat.py", line 36, in reraise
    raise value
  File "/usr/local/lib/python3.8/site-packages/flask/app.py", line 1832, in full_dispatch_request
    rv = self.dispatch_request()
  File "/usr/local/lib/python3.8/site-packages/flask/app.py", line 1818, in dispatch_request
    return self.view_functions[rule.endpoint](**req.view_args)
  File "./routes.py", line 36, in illust_condition
    feature = encoder.extract_feature(img.resize((64, 64)))
  File "/usr/local/lib/python3.8/site-packages/PIL/Image.py", line 1864, in resize
    raise ValueError(
ValueError: Unknown resampling filter (64). Use Image.NEAREST (0), Image.LANCZOS (1), Image.BILINEAR (2), Image.BICUBIC (3), Image.BOX (4) or Image.HAMMING (5)
[pid: 1|app: 0|req: 2/2] 192.168.48.1 () {60 vars in 2885 bytes} [Sun Jun  7 01:24:15 2020] POST /illust_condition => generated 290 bytes in 564 msecs (HTTP/1.1 500) 2 headers in 99 bytes (1 switches on core 0)
Completed!!
[2020-06-07 01:24:23,744] ERROR in app: Exception on /illust_condition [POST]
Traceback (most recent call last):
  File "/usr/local/lib/python3.8/site-packages/flask/app.py", line 2311, in wsgi_app
    response = self.full_dispatch_request()
  File "/usr/local/lib/python3.8/site-packages/flask/app.py", line 1834, in full_dispatch_request
    rv = self.handle_user_exception(e)
  File "/usr/local/lib/python3.8/site-packages/flask/app.py", line 1737, in handle_user_exception
    reraise(exc_type, exc_value, tb)
  File "/usr/local/lib/python3.8/site-packages/flask/_compat.py", line 36, in reraise
    raise value
  File "/usr/local/lib/python3.8/site-packages/flask/app.py", line 1832, in full_dispatch_request
    rv = self.dispatch_request()
  File "/usr/local/lib/python3.8/site-packages/flask/app.py", line 1818, in dispatch_request
    return self.view_functions[rule.endpoint](**req.view_args)
  File "./routes.py", line 36, in illust_condition
    feature = encoder.extract_feature(img.resize((64, 64)))
  File "/usr/local/lib/python3.8/site-packages/PIL/Image.py", line 1864, in resize
    raise ValueError(
ValueError: Unknown resampling filter (64). Use Image.NEAREST (0), Image.LANCZOS (1), Image.BILINEAR (2), Image.BICUBIC (3), Image.BOX (4) or Image.HAMMING (5)
[pid: 1|app: 0|req: 6/6] 192.168.48.1 () {60 vars in 2885 bytes} [Sun Jun  7 01:24:22 2020] POST /illust_condition => generated 290 bytes in 1255 msecs (HTTP/1.1 500) 2 headers in 99 bytes (1 switches on core 0)
!!! uWSGI process 1 got Segmentation Fault !!!
*** backtrace of 1 ***
uwsgi(uwsgi_backtrace+0x2a) [0x5578660a6a9a]
uwsgi(uwsgi_segfault+0x23) [0x5578660a6e53]
/lib/x86_64-linux-gnu/libc.so.6(+0x37840) [0x7f70b340f840]
[0x557866800040]
*** end of backtrace ***
*** Starting uWSGI 2.0.17 (64bit) on [Sun Jun  7 01:24:28 2020] ***
compiled with version: 8.3.0 on 05 June 2020 01:46:47
os: Linux-4.19.76-linuxkit #1 SMP Thu Oct 17 19:31:58 UTC 2019
nodename: a7f215493bc4
machine: x86_64
clock source: unix
pcre jit disabled
detected number of CPU cores: 8
current working directory: /var/www/src
detected binary path: /usr/local/bin/uwsgi
uWSGI running as root, you can use --uid/--gid/--chroot options
*** WARNING: you are running uWSGI as root !!! (use the --uid flag) *** 
*** WARNING: you are running uWSGI without its master process manager ***
your memory page size is 4096 bytes
detected max file descriptor number: 1048576
lock engine: pthread robust mutexes
thunder lock: disabled (you can enable it with --thunder-lock)
uwsgi socket 0 bound to TCP address :3031 fd 3
uWSGI running as root, you can use --uid/--gid/--chroot options
*** WARNING: you are running uWSGI as root !!! (use the --uid flag) *** 
Python version: 3.8.0 (default, Nov 23 2019, 05:36:56)  [GCC 8.3.0]
*** Python threads support is disabled. You can enable it with --enable-threads ***
Python main interpreter initialized at 0x559e5f8751e0
uWSGI running as root, you can use --uid/--gid/--chroot options
*** WARNING: you are running uWSGI as root !!! (use the --uid flag) *** 
your server socket listen backlog is limited to 100 connections
your mercy for graceful operations on workers is 60 seconds
mapped 72920 bytes (71 KB) for 1 cores
*** Operational MODE: single process ***
WSGI app 0 (mountpoint='') ready in 14 seconds on interpreter 0x559e5f8751e0 pid: 1 (default app)
uWSGI running as root, you can use --uid/--gid/--chroot options
*** WARNING: you are running uWSGI as root !!! (use the --uid flag) *** 
*** uWSGI is running in multiple interpreter mode ***
spawned uWSGI worker 1 (and the only) (pid: 1, cores: 1)
Completed!!
Completed!!
Completed!!
Completed!!
Completed!!
Completed!!
corrupted double-linked list
!!! uWSGI process 1 got Segmentation Fault !!!
*** Starting uWSGI 2.0.17 (64bit) on [Sun Jun  7 01:27:09 2020] ***
compiled with version: 8.3.0 on 05 June 2020 01:46:47
os: Linux-4.19.76-linuxkit #1 SMP Thu Oct 17 19:31:58 UTC 2019
nodename: a7f215493bc4
machine: x86_64
clock source: unix
pcre jit disabled
detected number of CPU cores: 8
current working directory: /var/www/src
detected binary path: /usr/local/bin/uwsgi
uWSGI running as root, you can use --uid/--gid/--chroot options
*** WARNING: you are running uWSGI as root !!! (use the --uid flag) *** 
*** WARNING: you are running uWSGI without its master process manager ***
your memory page size is 4096 bytes
detected max file descriptor number: 1048576
lock engine: pthread robust mutexes
thunder lock: disabled (you can enable it with --thunder-lock)
uwsgi socket 0 bound to TCP address :3031 fd 3
uWSGI running as root, you can use --uid/--gid/--chroot options
*** WARNING: you are running uWSGI as root !!! (use the --uid flag) *** 
Python version: 3.8.0 (default, Nov 23 2019, 05:36:56)  [GCC 8.3.0]
*** Python threads support is disabled. You can enable it with --enable-threads ***
Python main interpreter initialized at 0x557b7377d1e0
uWSGI running as root, you can use --uid/--gid/--chroot options
*** WARNING: you are running uWSGI as root !!! (use the --uid flag) *** 
your server socket listen backlog is limited to 100 connections
your mercy for graceful operations on workers is 60 seconds
mapped 72920 bytes (71 KB) for 1 cores
*** Operational MODE: single process ***
WSGI app 0 (mountpoint='') ready in 14 seconds on interpreter 0x557b7377d1e0 pid: 1 (default app)
uWSGI running as root, you can use --uid/--gid/--chroot options
*** WARNING: you are running uWSGI as root !!! (use the --uid flag) *** 
*** uWSGI is running in multiple interpreter mode ***
spawned uWSGI worker 1 (and the only) (pid: 1, cores: 1)
Completed!!
Completed!!
Completed!!
Completed!!
Completed!!
!!! uWSGI process 1 got Segmentation Fault !!!
*** backtrace of 1 ***
uwsgi(uwsgi_backtrace+0x2a) [0x557b71742a9a]
uwsgi(uwsgi_segfault+0x23) [0x557b71742e53]
/lib/x86_64-linux-gnu/libc.so.6(+0x37840) [0x7f77a69dd840]
[0x557b7377e040]
*** end of backtrace ***
*** Starting uWSGI 2.0.17 (64bit) on [Sun Jun  7 01:31:24 2020] ***
compiled with version: 8.3.0 on 05 June 2020 01:46:47
os: Linux-4.19.76-linuxkit #1 SMP Thu Oct 17 19:31:58 UTC 2019
nodename: a7f215493bc4
machine: x86_64
clock source: unix
pcre jit disabled
detected number of CPU cores: 8
current working directory: /var/www/src
detected binary path: /usr/local/bin/uwsgi
uWSGI running as root, you can use --uid/--gid/--chroot options
*** WARNING: you are running uWSGI as root !!! (use the --uid flag) *** 
*** WARNING: you are running uWSGI without its master process manager ***
your memory page size is 4096 bytes
detected max file descriptor number: 1048576
lock engine: pthread robust mutexes
thunder lock: disabled (you can enable it with --thunder-lock)
uwsgi socket 0 bound to TCP address :3031 fd 3
uWSGI running as root, you can use --uid/--gid/--chroot options
*** WARNING: you are running uWSGI as root !!! (use the --uid flag) *** 
Python version: 3.8.0 (default, Nov 23 2019, 05:36:56)  [GCC 8.3.0]
*** Python threads support is disabled. You can enable it with --enable-threads ***
Python main interpreter initialized at 0x563b94e2a1e0
uWSGI running as root, you can use --uid/--gid/--chroot options
*** WARNING: you are running uWSGI as root !!! (use the --uid flag) *** 
your server socket listen backlog is limited to 100 connections
your mercy for graceful operations on workers is 60 seconds
mapped 72920 bytes (71 KB) for 1 cores
*** Operational MODE: single process ***
WSGI app 0 (mountpoint='') ready in 14 seconds on interpreter 0x563b94e2a1e0 pid: 1 (default app)
uWSGI running as root, you can use --uid/--gid/--chroot options
*** WARNING: you are running uWSGI as root !!! (use the --uid flag) *** 
*** uWSGI is running in multiple interpreter mode ***
spawned uWSGI worker 1 (and the only) (pid: 1, cores: 1)
Completed!!
Completed!!
Completed!!
Completed!!
Completed!!
Completed!!
Completed!!
!!! uWSGI process 1 got Segmentation Fault !!!
*** backtrace of 1 ***
uwsgi(uwsgi_backtrace+0x2a) [0x563b932f7a9a]
uwsgi(uwsgi_segfault+0x23) [0x563b932f7e53]
/lib/x86_64-linux-gnu/libc.so.6(+0x37840) [0x7fc03922c840]
[0x563b94e2b040]
*** end of backtrace ***
*** Starting uWSGI 2.0.17 (64bit) on [Sun Jun  7 01:38:09 2020] ***
compiled with version: 8.3.0 on 05 June 2020 01:46:47
os: Linux-4.19.76-linuxkit #1 SMP Thu Oct 17 19:31:58 UTC 2019
nodename: a7f215493bc4
machine: x86_64
clock source: unix
pcre jit disabled
detected number of CPU cores: 8
current working directory: /var/www/src
detected binary path: /usr/local/bin/uwsgi
uWSGI running as root, you can use --uid/--gid/--chroot options
*** WARNING: you are running uWSGI as root !!! (use the --uid flag) *** 
*** WARNING: you are running uWSGI without its master process manager ***
your memory page size is 4096 bytes
detected max file descriptor number: 1048576
lock engine: pthread robust mutexes
thunder lock: disabled (you can enable it with --thunder-lock)
uwsgi socket 0 bound to TCP address :3031 fd 3
uWSGI running as root, you can use --uid/--gid/--chroot options
*** WARNING: you are running uWSGI as root !!! (use the --uid flag) *** 
Python version: 3.8.0 (default, Nov 23 2019, 05:36:56)  [GCC 8.3.0]
*** Python threads support is disabled. You can enable it with --enable-threads ***
Python main interpreter initialized at 0x560afc3f91e0
uWSGI running as root, you can use --uid/--gid/--chroot options
*** WARNING: you are running uWSGI as root !!! (use the --uid flag) *** 
your server socket listen backlog is limited to 100 connections
your mercy for graceful operations on workers is 60 seconds
mapped 72920 bytes (71 KB) for 1 cores
*** Operational MODE: single process ***
WSGI app 0 (mountpoint='') ready in 15 seconds on interpreter 0x560afc3f91e0 pid: 1 (default app)
uWSGI running as root, you can use --uid/--gid/--chroot options
*** WARNING: you are running uWSGI as root !!! (use the --uid flag) *** 
*** uWSGI is running in multiple interpreter mode ***
spawned uWSGI worker 1 (and the only) (pid: 1, cores: 1)
Completed!!
Completed!!
Completed!!
corrupted double-linked list
!!! uWSGI process 1 got Segmentation Fault !!!
*** Starting uWSGI 2.0.17 (64bit) on [Sun Jun  7 11:47:57 2020] ***
compiled with version: 8.3.0 on 05 June 2020 01:46:47
os: Linux-4.19.76-linuxkit #1 SMP Thu Oct 17 19:31:58 UTC 2019
nodename: a7f215493bc4
machine: x86_64
clock source: unix
pcre jit disabled
detected number of CPU cores: 8
current working directory: /var/www/src
detected binary path: /usr/local/bin/uwsgi
uWSGI running as root, you can use --uid/--gid/--chroot options
*** WARNING: you are running uWSGI as root !!! (use the --uid flag) *** 
*** WARNING: you are running uWSGI without its master process manager ***
your memory page size is 4096 bytes
detected max file descriptor number: 1048576
lock engine: pthread robust mutexes
thunder lock: disabled (you can enable it with --thunder-lock)
uwsgi socket 0 bound to TCP address :3031 fd 3
uWSGI running as root, you can use --uid/--gid/--chroot options
*** WARNING: you are running uWSGI as root !!! (use the --uid flag) *** 
Python version: 3.8.0 (default, Nov 23 2019, 05:36:56)  [GCC 8.3.0]
*** Python threads support is disabled. You can enable it with --enable-threads ***
Python main interpreter initialized at 0x558b8ec731e0
uWSGI running as root, you can use --uid/--gid/--chroot options
*** WARNING: you are running uWSGI as root !!! (use the --uid flag) *** 
your server socket listen backlog is limited to 100 connections
your mercy for graceful operations on workers is 60 seconds
mapped 72920 bytes (71 KB) for 1 cores
*** Operational MODE: single process ***
WSGI app 0 (mountpoint='') ready in 3 seconds on interpreter 0x558b8ec731e0 pid: 1 (default app)
uWSGI running as root, you can use --uid/--gid/--chroot options
*** WARNING: you are running uWSGI as root !!! (use the --uid flag) *** 
*** uWSGI is running in multiple interpreter mode ***
spawned uWSGI worker 1 (and the only) (pid: 1, cores: 1)
Completed!!
Completed!!
Completed!!
Completed!!
Completed!!
Completed!!
Completed!!
Completed!!
Completed!!
!!! uWSGI process 1 got Segmentation Fault !!!
*** backtrace of 1 ***
uwsgi(uwsgi_backtrace+0x2a) [0x558b8e30ba9a]
uwsgi(uwsgi_segfault+0x23) [0x558b8e30be53]
/lib/x86_64-linux-gnu/libc.so.6(+0x37840) [0x7fcf40911840]
[0x558b8ec74040]
*** end of backtrace ***
*** Starting uWSGI 2.0.17 (64bit) on [Sun Jun  7 12:25:27 2020] ***
compiled with version: 8.3.0 on 05 June 2020 01:46:47
os: Linux-4.19.76-linuxkit #1 SMP Thu Oct 17 19:31:58 UTC 2019
nodename: a7f215493bc4
machine: x86_64
clock source: unix
pcre jit disabled
detected number of CPU cores: 8
current working directory: /var/www/src
detected binary path: /usr/local/bin/uwsgi
uWSGI running as root, you can use --uid/--gid/--chroot options
*** WARNING: you are running uWSGI as root !!! (use the --uid flag) *** 
*** WARNING: you are running uWSGI without its master process manager ***
your memory page size is 4096 bytes
detected max file descriptor number: 1048576
lock engine: pthread robust mutexes
thunder lock: disabled (you can enable it with --thunder-lock)
uwsgi socket 0 bound to TCP address :3031 fd 3
uWSGI running as root, you can use --uid/--gid/--chroot options
*** WARNING: you are running uWSGI as root !!! (use the --uid flag) *** 
Python version: 3.8.0 (default, Nov 23 2019, 05:36:56)  [GCC 8.3.0]
*** Python threads support is disabled. You can enable it with --enable-threads ***
Python main interpreter initialized at 0x55e4b639d1e0
uWSGI running as root, you can use --uid/--gid/--chroot options
*** WARNING: you are running uWSGI as root !!! (use the --uid flag) *** 
your server socket listen backlog is limited to 100 connections
your mercy for graceful operations on workers is 60 seconds
mapped 72920 bytes (71 KB) for 1 cores
*** Operational MODE: single process ***
WSGI app 0 (mountpoint='') ready in 2 seconds on interpreter 0x55e4b639d1e0 pid: 1 (default app)
uWSGI running as root, you can use --uid/--gid/--chroot options
*** WARNING: you are running uWSGI as root !!! (use the --uid flag) *** 
*** uWSGI is running in multiple interpreter mode ***
spawned uWSGI worker 1 (and the only) (pid: 1, cores: 1)
corrupted double-linked list
!!! uWSGI process 1 got Segmentation Fault !!!
*** Starting uWSGI 2.0.17 (64bit) on [Sun Jun  7 12:26:59 2020] ***
compiled with version: 8.3.0 on 05 June 2020 01:46:47
os: Linux-4.19.76-linuxkit #1 SMP Thu Oct 17 19:31:58 UTC 2019
nodename: a7f215493bc4
machine: x86_64
clock source: unix
pcre jit disabled
detected number of CPU cores: 8
current working directory: /var/www/src
detected binary path: /usr/local/bin/uwsgi
uWSGI running as root, you can use --uid/--gid/--chroot options
*** WARNING: you are running uWSGI as root !!! (use the --uid flag) *** 
*** WARNING: you are running uWSGI without its master process manager ***
your memory page size is 4096 bytes
detected max file descriptor number: 1048576
lock engine: pthread robust mutexes
thunder lock: disabled (you can enable it with --thunder-lock)
uwsgi socket 0 bound to TCP address :3031 fd 3
uWSGI running as root, you can use --uid/--gid/--chroot options
*** WARNING: you are running uWSGI as root !!! (use the --uid flag) *** 
Python version: 3.8.0 (default, Nov 23 2019, 05:36:56)  [GCC 8.3.0]
*** Python threads support is disabled. You can enable it with --enable-threads ***
Python main interpreter initialized at 0x560060ab01e0
uWSGI running as root, you can use --uid/--gid/--chroot options
*** WARNING: you are running uWSGI as root !!! (use the --uid flag) *** 
your server socket listen backlog is limited to 100 connections
your mercy for graceful operations on workers is 60 seconds
mapped 72920 bytes (71 KB) for 1 cores
*** Operational MODE: single process ***
WSGI app 0 (mountpoint='') ready in 2 seconds on interpreter 0x560060ab01e0 pid: 1 (default app)
uWSGI running as root, you can use --uid/--gid/--chroot options
*** WARNING: you are running uWSGI as root !!! (use the --uid flag) *** 
*** uWSGI is running in multiple interpreter mode ***
spawned uWSGI worker 1 (and the only) (pid: 1, cores: 1)
!!! uWSGI process 1 got Segmentation Fault !!!
*** backtrace of 1 ***
uwsgi(uwsgi_backtrace+0x2a) [0x56005eb11a9a]
uwsgi(uwsgi_segfault+0x23) [0x56005eb11e53]
/lib/x86_64-linux-gnu/libc.so.6(+0x37840) [0x7f52d67c5840]
[0x560060ab1040]
*** end of backtrace ***
*** Starting uWSGI 2.0.17 (64bit) on [Sun Jun  7 12:28:33 2020] ***
compiled with version: 8.3.0 on 05 June 2020 01:46:47
os: Linux-4.19.76-linuxkit #1 SMP Thu Oct 17 19:31:58 UTC 2019
nodename: a7f215493bc4
machine: x86_64
clock source: unix
pcre jit disabled
detected number of CPU cores: 8
current working directory: /var/www/src
detected binary path: /usr/local/bin/uwsgi
uWSGI running as root, you can use --uid/--gid/--chroot options
*** WARNING: you are running uWSGI as root !!! (use the --uid flag) *** 
*** WARNING: you are running uWSGI without its master process manager ***
your memory page size is 4096 bytes
detected max file descriptor number: 1048576
lock engine: pthread robust mutexes
thunder lock: disabled (you can enable it with --thunder-lock)
uwsgi socket 0 bound to TCP address :3031 fd 3
uWSGI running as root, you can use --uid/--gid/--chroot options
*** WARNING: you are running uWSGI as root !!! (use the --uid flag) *** 
Python version: 3.8.0 (default, Nov 23 2019, 05:36:56)  [GCC 8.3.0]
*** Python threads support is disabled. You can enable it with --enable-threads ***
Python main interpreter initialized at 0x55e1da4c61e0
uWSGI running as root, you can use --uid/--gid/--chroot options
*** WARNING: you are running uWSGI as root !!! (use the --uid flag) *** 
your server socket listen backlog is limited to 100 connections
your mercy for graceful operations on workers is 60 seconds
mapped 72920 bytes (71 KB) for 1 cores
*** Operational MODE: single process ***
WSGI app 0 (mountpoint='') ready in 2 seconds on interpreter 0x55e1da4c61e0 pid: 1 (default app)
uWSGI running as root, you can use --uid/--gid/--chroot options
*** WARNING: you are running uWSGI as root !!! (use the --uid flag) *** 
*** uWSGI is running in multiple interpreter mode ***
spawned uWSGI worker 1 (and the only) (pid: 1, cores: 1)
corrupted double-linked list
!!! uWSGI process 1 got Segmentation Fault !!!
*** Starting uWSGI 2.0.17 (64bit) on [Sun Jun  7 12:29:49 2020] ***
compiled with version: 8.3.0 on 05 June 2020 01:46:47
os: Linux-4.19.76-linuxkit #1 SMP Thu Oct 17 19:31:58 UTC 2019
nodename: a7f215493bc4
machine: x86_64
clock source: unix
pcre jit disabled
detected number of CPU cores: 8
current working directory: /var/www/src
detected binary path: /usr/local/bin/uwsgi
uWSGI running as root, you can use --uid/--gid/--chroot options
*** WARNING: you are running uWSGI as root !!! (use the --uid flag) *** 
*** WARNING: you are running uWSGI without its master process manager ***
your memory page size is 4096 bytes
detected max file descriptor number: 1048576
lock engine: pthread robust mutexes
thunder lock: disabled (you can enable it with --thunder-lock)
uwsgi socket 0 bound to TCP address :3031 fd 3
uWSGI running as root, you can use --uid/--gid/--chroot options
*** WARNING: you are running uWSGI as root !!! (use the --uid flag) *** 
Python version: 3.8.0 (default, Nov 23 2019, 05:36:56)  [GCC 8.3.0]
*** Python threads support is disabled. You can enable it with --enable-threads ***
Python main interpreter initialized at 0x55b2ea0441e0
uWSGI running as root, you can use --uid/--gid/--chroot options
*** WARNING: you are running uWSGI as root !!! (use the --uid flag) *** 
your server socket listen backlog is limited to 100 connections
your mercy for graceful operations on workers is 60 seconds
mapped 72920 bytes (71 KB) for 1 cores
*** Operational MODE: single process ***
WSGI app 0 (mountpoint='') ready in 2 seconds on interpreter 0x55b2ea0441e0 pid: 1 (default app)
uWSGI running as root, you can use --uid/--gid/--chroot options
*** WARNING: you are running uWSGI as root !!! (use the --uid flag) *** 
*** uWSGI is running in multiple interpreter mode ***
spawned uWSGI worker 1 (and the only) (pid: 1, cores: 1)
corrupted double-linked list
!!! uWSGI process 1 got Segmentation Fault !!!
*** Starting uWSGI 2.0.17 (64bit) on [Sun Jun  7 12:31:29 2020] ***
compiled with version: 8.3.0 on 05 June 2020 01:46:47
os: Linux-4.19.76-linuxkit #1 SMP Thu Oct 17 19:31:58 UTC 2019
nodename: a7f215493bc4
machine: x86_64
clock source: unix
pcre jit disabled
detected number of CPU cores: 8
current working directory: /var/www/src
detected binary path: /usr/local/bin/uwsgi
uWSGI running as root, you can use --uid/--gid/--chroot options
*** WARNING: you are running uWSGI as root !!! (use the --uid flag) *** 
*** WARNING: you are running uWSGI without its master process manager ***
your memory page size is 4096 bytes
detected max file descriptor number: 1048576
lock engine: pthread robust mutexes
thunder lock: disabled (you can enable it with --thunder-lock)
uwsgi socket 0 bound to TCP address :3031 fd 3
uWSGI running as root, you can use --uid/--gid/--chroot options
*** WARNING: you are running uWSGI as root !!! (use the --uid flag) *** 
Python version: 3.8.0 (default, Nov 23 2019, 05:36:56)  [GCC 8.3.0]
*** Python threads support is disabled. You can enable it with --enable-threads ***
Python main interpreter initialized at 0x55d5e32b11e0
uWSGI running as root, you can use --uid/--gid/--chroot options
*** WARNING: you are running uWSGI as root !!! (use the --uid flag) *** 
your server socket listen backlog is limited to 100 connections
your mercy for graceful operations on workers is 60 seconds
mapped 72920 bytes (71 KB) for 1 cores
*** Operational MODE: single process ***
WSGI app 0 (mountpoint='') ready in 2 seconds on interpreter 0x55d5e32b11e0 pid: 1 (default app)
uWSGI running as root, you can use --uid/--gid/--chroot options
*** WARNING: you are running uWSGI as root !!! (use the --uid flag) *** 
*** uWSGI is running in multiple interpreter mode ***
spawned uWSGI worker 1 (and the only) (pid: 1, cores: 1)
!!! uWSGI process 1 got Segmentation Fault !!!
*** backtrace of 1 ***
uwsgi(uwsgi_backtrace+0x2a) [0x55d5e1b9aa9a]
uwsgi(uwsgi_segfault+0x23) [0x55d5e1b9ae53]
/lib/x86_64-linux-gnu/libc.so.6(+0x37840) [0x7f35e2e39840]
[0x55d5e32b2040]
*** end of backtrace ***
*** Starting uWSGI 2.0.17 (64bit) on [Sun Jun  7 12:32:31 2020] ***
compiled with version: 8.3.0 on 05 June 2020 01:46:47
os: Linux-4.19.76-linuxkit #1 SMP Thu Oct 17 19:31:58 UTC 2019
nodename: a7f215493bc4
machine: x86_64
clock source: unix
pcre jit disabled
detected number of CPU cores: 8
current working directory: /var/www/src
detected binary path: /usr/local/bin/uwsgi
uWSGI running as root, you can use --uid/--gid/--chroot options
*** WARNING: you are running uWSGI as root !!! (use the --uid flag) *** 
*** WARNING: you are running uWSGI without its master process manager ***
your memory page size is 4096 bytes
detected max file descriptor number: 1048576
lock engine: pthread robust mutexes
thunder lock: disabled (you can enable it with --thunder-lock)
uwsgi socket 0 bound to TCP address :3031 fd 3
uWSGI running as root, you can use --uid/--gid/--chroot options
*** WARNING: you are running uWSGI as root !!! (use the --uid flag) *** 
Python version: 3.8.0 (default, Nov 23 2019, 05:36:56)  [GCC 8.3.0]
*** Python threads support is disabled. You can enable it with --enable-threads ***
Python main interpreter initialized at 0x565009fa81e0
uWSGI running as root, you can use --uid/--gid/--chroot options
*** WARNING: you are running uWSGI as root !!! (use the --uid flag) *** 
your server socket listen backlog is limited to 100 connections
your mercy for graceful operations on workers is 60 seconds
mapped 72920 bytes (71 KB) for 1 cores
*** Operational MODE: single process ***
WSGI app 0 (mountpoint='') ready in 2 seconds on interpreter 0x565009fa81e0 pid: 1 (default app)
uWSGI running as root, you can use --uid/--gid/--chroot options
*** WARNING: you are running uWSGI as root !!! (use the --uid flag) *** 
*** uWSGI is running in multiple interpreter mode ***
spawned uWSGI worker 1 (and the only) (pid: 1, cores: 1)
Completed!!
!!! uWSGI process 1 got Segmentation Fault !!!
*** backtrace of 1 ***
uwsgi(uwsgi_backtrace+0x2a) [0x565009a25a9a]
uwsgi(uwsgi_segfault+0x23) [0x565009a25e53]
/lib/x86_64-linux-gnu/libc.so.6(+0x37840) [0x7fa72af9b840]
[0x565009fa9040]
*** end of backtrace ***
*** Starting uWSGI 2.0.17 (64bit) on [Sun Jun  7 12:33:03 2020] ***
compiled with version: 8.3.0 on 05 June 2020 01:46:47
os: Linux-4.19.76-linuxkit #1 SMP Thu Oct 17 19:31:58 UTC 2019
nodename: a7f215493bc4
machine: x86_64
clock source: unix
pcre jit disabled
detected number of CPU cores: 8
current working directory: /var/www/src
detected binary path: /usr/local/bin/uwsgi
uWSGI running as root, you can use --uid/--gid/--chroot options
*** WARNING: you are running uWSGI as root !!! (use the --uid flag) *** 
*** WARNING: you are running uWSGI without its master process manager ***
your memory page size is 4096 bytes
detected max file descriptor number: 1048576
lock engine: pthread robust mutexes
thunder lock: disabled (you can enable it with --thunder-lock)
uwsgi socket 0 bound to TCP address :3031 fd 3
uWSGI running as root, you can use --uid/--gid/--chroot options
*** WARNING: you are running uWSGI as root !!! (use the --uid flag) *** 
Python version: 3.8.0 (default, Nov 23 2019, 05:36:56)  [GCC 8.3.0]
*** Python threads support is disabled. You can enable it with --enable-threads ***
Python main interpreter initialized at 0x563c884431e0
uWSGI running as root, you can use --uid/--gid/--chroot options
*** WARNING: you are running uWSGI as root !!! (use the --uid flag) *** 
your server socket listen backlog is limited to 100 connections
your mercy for graceful operations on workers is 60 seconds
mapped 72920 bytes (71 KB) for 1 cores
*** Operational MODE: single process ***
WSGI app 0 (mountpoint='') ready in 3 seconds on interpreter 0x563c884431e0 pid: 1 (default app)
uWSGI running as root, you can use --uid/--gid/--chroot options
*** WARNING: you are running uWSGI as root !!! (use the --uid flag) *** 
*** uWSGI is running in multiple interpreter mode ***
spawned uWSGI worker 1 (and the only) (pid: 1, cores: 1)
Completed!!
Completed!!
Completed!!
Completed!!
Completed!!
Completed!!
Completed!!
Completed!!
Completed!!
Completed!!
Completed!!
Completed!!
Completed!!
Completed!!
Completed!!
!!! uWSGI process 1 got Segmentation Fault !!!
*** backtrace of 1 ***
uwsgi(uwsgi_backtrace+0x2a) [0x563c871eba9a]
uwsgi(uwsgi_segfault+0x23) [0x563c871ebe53]
/lib/x86_64-linux-gnu/libc.so.6(+0x37840) [0x7ff8a27d7840]
[0x563c88444040]
*** end of backtrace ***
*** Starting uWSGI 2.0.17 (64bit) on [Sun Jun  7 13:22:01 2020] ***
compiled with version: 8.3.0 on 05 June 2020 01:46:47
os: Linux-4.19.76-linuxkit #1 SMP Thu Oct 17 19:31:58 UTC 2019
nodename: a7f215493bc4
machine: x86_64
clock source: unix
pcre jit disabled
detected number of CPU cores: 8
current working directory: /var/www/src
detected binary path: /usr/local/bin/uwsgi
uWSGI running as root, you can use --uid/--gid/--chroot options
*** WARNING: you are running uWSGI as root !!! (use the --uid flag) *** 
*** WARNING: you are running uWSGI without its master process manager ***
your memory page size is 4096 bytes
detected max file descriptor number: 1048576
lock engine: pthread robust mutexes
thunder lock: disabled (you can enable it with --thunder-lock)
uwsgi socket 0 bound to TCP address :3031 fd 3
uWSGI running as root, you can use --uid/--gid/--chroot options
*** WARNING: you are running uWSGI as root !!! (use the --uid flag) *** 
Python version: 3.8.0 (default, Nov 23 2019, 05:36:56)  [GCC 8.3.0]
*** Python threads support is disabled. You can enable it with --enable-threads ***
Python main interpreter initialized at 0x55e9fe8e51e0
uWSGI running as root, you can use --uid/--gid/--chroot options
*** WARNING: you are running uWSGI as root !!! (use the --uid flag) *** 
your server socket listen backlog is limited to 100 connections
your mercy for graceful operations on workers is 60 seconds
mapped 72920 bytes (71 KB) for 1 cores
*** Operational MODE: single process ***
WSGI app 0 (mountpoint='') ready in 3 seconds on interpreter 0x55e9fe8e51e0 pid: 1 (default app)
uWSGI running as root, you can use --uid/--gid/--chroot options
*** WARNING: you are running uWSGI as root !!! (use the --uid flag) *** 
*** uWSGI is running in multiple interpreter mode ***
spawned uWSGI worker 1 (and the only) (pid: 1, cores: 1)
!!! uWSGI process 1 got Segmentation Fault !!!
*** backtrace of 1 ***
uwsgi(uwsgi_backtrace+0x2a) [0x55e9fccbda9a]
uwsgi(uwsgi_segfault+0x23) [0x55e9fccbde53]
/lib/x86_64-linux-gnu/libc.so.6(+0x37840) [0x7f4114d77840]
[0x55e9fe8e6040]
*** end of backtrace ***
*** Starting uWSGI 2.0.17 (64bit) on [Sun Jun  7 15:41:22 2020] ***
compiled with version: 8.3.0 on 05 June 2020 01:46:47
os: Linux-4.19.76-linuxkit #1 SMP Thu Oct 17 19:31:58 UTC 2019
nodename: add448155275
machine: x86_64
clock source: unix
pcre jit disabled
detected number of CPU cores: 8
current working directory: /var/www/src
detected binary path: /usr/local/bin/uwsgi
uWSGI running as root, you can use --uid/--gid/--chroot options
*** WARNING: you are running uWSGI as root !!! (use the --uid flag) *** 
*** WARNING: you are running uWSGI without its master process manager ***
your memory page size is 4096 bytes
detected max file descriptor number: 1048576
lock engine: pthread robust mutexes
thunder lock: disabled (you can enable it with --thunder-lock)
uwsgi socket 0 bound to TCP address :3031 fd 3
uWSGI running as root, you can use --uid/--gid/--chroot options
*** WARNING: you are running uWSGI as root !!! (use the --uid flag) *** 
Python version: 3.8.0 (default, Nov 23 2019, 05:36:56)  [GCC 8.3.0]
*** Python threads support is disabled. You can enable it with --enable-threads ***
Python main interpreter initialized at 0x55b2d43851e0
uWSGI running as root, you can use --uid/--gid/--chroot options
*** WARNING: you are running uWSGI as root !!! (use the --uid flag) *** 
your server socket listen backlog is limited to 100 connections
your mercy for graceful operations on workers is 60 seconds
mapped 72920 bytes (71 KB) for 1 cores
*** Operational MODE: single process ***
WSGI app 0 (mountpoint='') ready in 3 seconds on interpreter 0x55b2d43851e0 pid: 1 (default app)
uWSGI running as root, you can use --uid/--gid/--chroot options
*** WARNING: you are running uWSGI as root !!! (use the --uid flag) *** 
*** uWSGI is running in multiple interpreter mode ***
spawned uWSGI worker 1 (and the only) (pid: 1, cores: 1)
corrupted double-linked list
!!! uWSGI process 1 got Segmentation Fault !!!
*** Starting uWSGI 2.0.17 (64bit) on [Sun Jun  7 15:49:43 2020] ***
compiled with version: 8.3.0 on 05 June 2020 01:46:47
os: Linux-4.19.76-linuxkit #1 SMP Thu Oct 17 19:31:58 UTC 2019
nodename: 7253dca5f662
machine: x86_64
clock source: unix
pcre jit disabled
detected number of CPU cores: 8
current working directory: /var/www/src
detected binary path: /usr/local/bin/uwsgi
uWSGI running as root, you can use --uid/--gid/--chroot options
*** WARNING: you are running uWSGI as root !!! (use the --uid flag) *** 
*** WARNING: you are running uWSGI without its master process manager ***
your memory page size is 4096 bytes
detected max file descriptor number: 1048576
lock engine: pthread robust mutexes
thunder lock: disabled (you can enable it with --thunder-lock)
uwsgi socket 0 bound to TCP address :3031 fd 3
uWSGI running as root, you can use --uid/--gid/--chroot options
*** WARNING: you are running uWSGI as root !!! (use the --uid flag) *** 
Python version: 3.8.0 (default, Nov 23 2019, 05:36:56)  [GCC 8.3.0]
*** Python threads support is disabled. You can enable it with --enable-threads ***
Python main interpreter initialized at 0x55db766f71e0
uWSGI running as root, you can use --uid/--gid/--chroot options
*** WARNING: you are running uWSGI as root !!! (use the --uid flag) *** 
your server socket listen backlog is limited to 100 connections
your mercy for graceful operations on workers is 60 seconds
mapped 72920 bytes (71 KB) for 1 cores
*** Operational MODE: single process ***
WSGI app 0 (mountpoint='') ready in 3 seconds on interpreter 0x55db766f71e0 pid: 1 (default app)
uWSGI running as root, you can use --uid/--gid/--chroot options
*** WARNING: you are running uWSGI as root !!! (use the --uid flag) *** 
*** uWSGI is running in multiple interpreter mode ***
spawned uWSGI worker 1 (and the only) (pid: 1, cores: 1)
!!! uWSGI process 1 got Segmentation Fault !!!
*** backtrace of 1 ***
uwsgi(uwsgi_backtrace+0x2a) [0x55db7476aa9a]
uwsgi(uwsgi_segfault+0x23) [0x55db7476ae53]
/lib/x86_64-linux-gnu/libc.so.6(+0x37840) [0x7fa65e7c9840]
[0x55db766f8040]
*** end of backtrace ***
*** Starting uWSGI 2.0.17 (64bit) on [Sun Jun  7 15:53:04 2020] ***
compiled with version: 8.3.0 on 05 June 2020 01:46:47
os: Linux-4.19.76-linuxkit #1 SMP Thu Oct 17 19:31:58 UTC 2019
nodename: 8e7f5611705f
machine: x86_64
clock source: unix
pcre jit disabled
detected number of CPU cores: 8
current working directory: /var/www/src
detected binary path: /usr/local/bin/uwsgi
uWSGI running as root, you can use --uid/--gid/--chroot options
*** WARNING: you are running uWSGI as root !!! (use the --uid flag) *** 
*** WARNING: you are running uWSGI without its master process manager ***
your memory page size is 4096 bytes
detected max file descriptor number: 1048576
lock engine: pthread robust mutexes
thunder lock: disabled (you can enable it with --thunder-lock)
uwsgi socket 0 bound to TCP address :3031 fd 3
uWSGI running as root, you can use --uid/--gid/--chroot options
*** WARNING: you are running uWSGI as root !!! (use the --uid flag) *** 
Python version: 3.8.0 (default, Nov 23 2019, 05:36:56)  [GCC 8.3.0]
*** Python threads support is disabled. You can enable it with --enable-threads ***
Python main interpreter initialized at 0x5647323f21e0
uWSGI running as root, you can use --uid/--gid/--chroot options
*** WARNING: you are running uWSGI as root !!! (use the --uid flag) *** 
your server socket listen backlog is limited to 100 connections
your mercy for graceful operations on workers is 60 seconds
mapped 72920 bytes (71 KB) for 1 cores
*** Operational MODE: single process ***
WSGI app 0 (mountpoint='') ready in 2 seconds on interpreter 0x5647323f21e0 pid: 1 (default app)
uWSGI running as root, you can use --uid/--gid/--chroot options
*** WARNING: you are running uWSGI as root !!! (use the --uid flag) *** 
*** uWSGI is running in multiple interpreter mode ***
spawned uWSGI worker 1 (and the only) (pid: 1, cores: 1)
!!! uWSGI process 1 got Segmentation Fault !!!
*** backtrace of 1 ***
uwsgi(uwsgi_backtrace+0x2a) [0x564730ff2a9a]
uwsgi(uwsgi_segfault+0x23) [0x564730ff2e53]
/lib/x86_64-linux-gnu/libc.so.6(+0x37840) [0x7f03c15b6840]
[0x5647323f3040]
*** end of backtrace ***
*** Starting uWSGI 2.0.17 (64bit) on [Sun Jun  7 15:54:24 2020] ***
compiled with version: 8.3.0 on 05 June 2020 01:46:47
os: Linux-4.19.76-linuxkit #1 SMP Thu Oct 17 19:31:58 UTC 2019
nodename: 633b69969cf2
machine: x86_64
clock source: unix
pcre jit disabled
detected number of CPU cores: 8
current working directory: /var/www/src
detected binary path: /usr/local/bin/uwsgi
uWSGI running as root, you can use --uid/--gid/--chroot options
*** WARNING: you are running uWSGI as root !!! (use the --uid flag) *** 
*** WARNING: you are running uWSGI without its master process manager ***
your memory page size is 4096 bytes
detected max file descriptor number: 1048576
lock engine: pthread robust mutexes
thunder lock: disabled (you can enable it with --thunder-lock)
uwsgi socket 0 bound to TCP address :3031 fd 3
uWSGI running as root, you can use --uid/--gid/--chroot options
*** WARNING: you are running uWSGI as root !!! (use the --uid flag) *** 
Python version: 3.8.0 (default, Nov 23 2019, 05:36:56)  [GCC 8.3.0]
*** Python threads support is disabled. You can enable it with --enable-threads ***
Python main interpreter initialized at 0x557476efb1e0
uWSGI running as root, you can use --uid/--gid/--chroot options
*** WARNING: you are running uWSGI as root !!! (use the --uid flag) *** 
your server socket listen backlog is limited to 100 connections
your mercy for graceful operations on workers is 60 seconds
mapped 72920 bytes (71 KB) for 1 cores
*** Operational MODE: single process ***
WSGI app 0 (mountpoint='') ready in 3 seconds on interpreter 0x557476efb1e0 pid: 1 (default app)
uWSGI running as root, you can use --uid/--gid/--chroot options
*** WARNING: you are running uWSGI as root !!! (use the --uid flag) *** 
*** uWSGI is running in multiple interpreter mode ***
spawned uWSGI worker 1 (and the only) (pid: 1, cores: 1)
!!! uWSGI process 1 got Segmentation Fault !!!
*** backtrace of 1 ***
uwsgi(uwsgi_backtrace+0x2a) [0x557476131a9a]
uwsgi(uwsgi_segfault+0x23) [0x557476131e53]
/lib/x86_64-linux-gnu/libc.so.6(+0x37840) [0x7fc2a0b69840]
[0x557476efc040]
*** end of backtrace ***
*** Starting uWSGI 2.0.17 (64bit) on [Sun Jun  7 17:03:48 2020] ***
compiled with version: 8.3.0 on 05 June 2020 01:46:47
os: Linux-4.19.76-linuxkit #1 SMP Thu Oct 17 19:31:58 UTC 2019
nodename: 7eff7df821ad
machine: x86_64
clock source: unix
pcre jit disabled
detected number of CPU cores: 8
current working directory: /var/www/src
detected binary path: /usr/local/bin/uwsgi
uWSGI running as root, you can use --uid/--gid/--chroot options
*** WARNING: you are running uWSGI as root !!! (use the --uid flag) *** 
*** WARNING: you are running uWSGI without its master process manager ***
your memory page size is 4096 bytes
detected max file descriptor number: 1048576
lock engine: pthread robust mutexes
thunder lock: disabled (you can enable it with --thunder-lock)
uwsgi socket 0 bound to TCP address :3031 fd 3
uWSGI running as root, you can use --uid/--gid/--chroot options
*** WARNING: you are running uWSGI as root !!! (use the --uid flag) *** 
Python version: 3.8.0 (default, Nov 23 2019, 05:36:56)  [GCC 8.3.0]
*** Python threads support is disabled. You can enable it with --enable-threads ***
Python main interpreter initialized at 0x55a020bbb1e0
uWSGI running as root, you can use --uid/--gid/--chroot options
*** WARNING: you are running uWSGI as root !!! (use the --uid flag) *** 
your server socket listen backlog is limited to 100 connections
your mercy for graceful operations on workers is 60 seconds
mapped 72920 bytes (71 KB) for 1 cores
*** Operational MODE: single process ***
WSGI app 0 (mountpoint='') ready in 4 seconds on interpreter 0x55a020bbb1e0 pid: 1 (default app)
uWSGI running as root, you can use --uid/--gid/--chroot options
*** WARNING: you are running uWSGI as root !!! (use the --uid flag) *** 
*** uWSGI is running in multiple interpreter mode ***
spawned uWSGI worker 1 (and the only) (pid: 1, cores: 1)
!!! uWSGI process 1 got Segmentation Fault !!!
*** backtrace of 1 ***
uwsgi(uwsgi_backtrace+0x2a) [0x55a01f590a9a]
uwsgi(uwsgi_segfault+0x23) [0x55a01f590e53]
/lib/x86_64-linux-gnu/libc.so.6(+0x37840) [0x7fcfd3ba3840]
[0x55a020bbc040]
*** end of backtrace ***
*** Starting uWSGI 2.0.17 (64bit) on [Sun Jun  7 20:04:59 2020] ***
compiled with version: 8.3.0 on 05 June 2020 01:46:47
os: Linux-4.19.76-linuxkit #1 SMP Thu Oct 17 19:31:58 UTC 2019
nodename: 307ca59322d3
machine: x86_64
clock source: unix
pcre jit disabled
detected number of CPU cores: 8
current working directory: /var/www/src
detected binary path: /usr/local/bin/uwsgi
uWSGI running as root, you can use --uid/--gid/--chroot options
*** WARNING: you are running uWSGI as root !!! (use the --uid flag) *** 
*** WARNING: you are running uWSGI without its master process manager ***
your memory page size is 4096 bytes
detected max file descriptor number: 1048576
lock engine: pthread robust mutexes
thunder lock: disabled (you can enable it with --thunder-lock)
uwsgi socket 0 bound to TCP address :3031 fd 3
uWSGI running as root, you can use --uid/--gid/--chroot options
*** WARNING: you are running uWSGI as root !!! (use the --uid flag) *** 
Python version: 3.8.0 (default, Nov 23 2019, 05:36:56)  [GCC 8.3.0]
*** Python threads support is disabled. You can enable it with --enable-threads ***
Python main interpreter initialized at 0x561049a511e0
uWSGI running as root, you can use --uid/--gid/--chroot options
*** WARNING: you are running uWSGI as root !!! (use the --uid flag) *** 
your server socket listen backlog is limited to 100 connections
your mercy for graceful operations on workers is 60 seconds
mapped 72920 bytes (71 KB) for 1 cores
*** Operational MODE: single process ***
WSGI app 0 (mountpoint='') ready in 3 seconds on interpreter 0x561049a511e0 pid: 1 (default app)
uWSGI running as root, you can use --uid/--gid/--chroot options
*** WARNING: you are running uWSGI as root !!! (use the --uid flag) *** 
*** uWSGI is running in multiple interpreter mode ***
spawned uWSGI worker 1 (and the only) (pid: 1, cores: 1)
!!! uWSGI process 1 got Segmentation Fault !!!
*** backtrace of 1 ***
uwsgi(uwsgi_backtrace+0x2a) [0x561047a8ba9a]
uwsgi(uwsgi_segfault+0x23) [0x561047a8be53]
/lib/x86_64-linux-gnu/libc.so.6(+0x37840) [0x7fa55ceb9840]
[0x561049a52040]
*** end of backtrace ***
*** Starting uWSGI 2.0.17 (64bit) on [Sun Jun  7 20:05:29 2020] ***
compiled with version: 8.3.0 on 05 June 2020 01:46:47
os: Linux-4.19.76-linuxkit #1 SMP Thu Oct 17 19:31:58 UTC 2019
nodename: 2abf76874474
machine: x86_64
clock source: unix
pcre jit disabled
detected number of CPU cores: 8
current working directory: /var/www/src
detected binary path: /usr/local/bin/uwsgi
uWSGI running as root, you can use --uid/--gid/--chroot options
*** WARNING: you are running uWSGI as root !!! (use the --uid flag) *** 
*** WARNING: you are running uWSGI without its master process manager ***
your memory page size is 4096 bytes
detected max file descriptor number: 1048576
lock engine: pthread robust mutexes
thunder lock: disabled (you can enable it with --thunder-lock)
uwsgi socket 0 bound to TCP address :3031 fd 3
uWSGI running as root, you can use --uid/--gid/--chroot options
*** WARNING: you are running uWSGI as root !!! (use the --uid flag) *** 
Python version: 3.8.0 (default, Nov 23 2019, 05:36:56)  [GCC 8.3.0]
*** Python threads support is disabled. You can enable it with --enable-threads ***
Python main interpreter initialized at 0x55f42673f1e0
uWSGI running as root, you can use --uid/--gid/--chroot options
*** WARNING: you are running uWSGI as root !!! (use the --uid flag) *** 
your server socket listen backlog is limited to 100 connections
your mercy for graceful operations on workers is 60 seconds
mapped 72920 bytes (71 KB) for 1 cores
*** Operational MODE: single process ***
WSGI app 0 (mountpoint='') ready in 3 seconds on interpreter 0x55f42673f1e0 pid: 1 (default app)
uWSGI running as root, you can use --uid/--gid/--chroot options
*** WARNING: you are running uWSGI as root !!! (use the --uid flag) *** 
*** uWSGI is running in multiple interpreter mode ***
spawned uWSGI worker 1 (and the only) (pid: 1, cores: 1)
!!! uWSGI process 1 got Segmentation Fault !!!
*** backtrace of 1 ***
uwsgi(uwsgi_backtrace+0x2a) [0x55f4260e7a9a]
uwsgi(uwsgi_segfault+0x23) [0x55f4260e7e53]
/lib/x86_64-linux-gnu/libc.so.6(+0x37840) [0x7fefca421840]
[0x55f426740040]
*** end of backtrace ***
*** Starting uWSGI 2.0.17 (64bit) on [Sun Jun  7 20:30:48 2020] ***
compiled with version: 8.3.0 on 07 June 2020 11:25:07
os: Linux-4.19.76-linuxkit #1 SMP Thu Oct 17 19:31:58 UTC 2019
nodename: 2b63d95693e1
machine: x86_64
clock source: unix
pcre jit disabled
detected number of CPU cores: 8
current working directory: /var/www/src
detected binary path: /usr/local/bin/uwsgi
uWSGI running as root, you can use --uid/--gid/--chroot options
*** WARNING: you are running uWSGI as root !!! (use the --uid flag) *** 
*** WARNING: you are running uWSGI without its master process manager ***
your memory page size is 4096 bytes
detected max file descriptor number: 1048576
lock engine: pthread robust mutexes
thunder lock: disabled (you can enable it with --thunder-lock)
uwsgi socket 0 bound to TCP address :3031 fd 3
uWSGI running as root, you can use --uid/--gid/--chroot options
*** WARNING: you are running uWSGI as root !!! (use the --uid flag) *** 
Python version: 3.8.0 (default, Nov 23 2019, 05:36:56)  [GCC 8.3.0]
*** Python threads support is disabled. You can enable it with --enable-threads ***
Python main interpreter initialized at 0x558ed408b1e0
uWSGI running as root, you can use --uid/--gid/--chroot options
*** WARNING: you are running uWSGI as root !!! (use the --uid flag) *** 
your server socket listen backlog is limited to 100 connections
your mercy for graceful operations on workers is 60 seconds
mapped 72920 bytes (71 KB) for 1 cores
*** Operational MODE: single process ***
WSGI app 0 (mountpoint='') ready in 6 seconds on interpreter 0x558ed408b1e0 pid: 1 (default app)
uWSGI running as root, you can use --uid/--gid/--chroot options
*** WARNING: you are running uWSGI as root !!! (use the --uid flag) *** 
*** uWSGI is running in multiple interpreter mode ***
spawned uWSGI worker 1 (and the only) (pid: 1, cores: 1)
